{
  "stats": {
    "suites": 2,
    "tests": 5,
    "passes": 5,
    "pending": 0,
    "failures": 0,
    "start": "2021-10-26T07:37:27.700Z",
    "end": "2021-10-26T07:37:47.236Z",
    "duration": 19536,
    "testsRegistered": 5,
    "passPercent": 100,
    "pendingPercent": 0,
    "other": 0,
    "hasOther": false,
    "skipped": 0,
    "hasSkipped": false
  },
  "results": [
    {
      "uuid": "9d2e4bed-e03f-4e42-a742-12f6d715cf72",
      "title": "",
      "fullFile": "",
      "file": "",
      "beforeHooks": [],
      "afterHooks": [],
      "tests": [],
      "suites": [
        {
          "uuid": "0ce4280a-0f35-4c01-b946-56e85b203168",
          "title": "Tests for another feature would go here",
          "fullFile": "C:\\Users\\Dimitris\\Desktop\\study\\Ticketswap final\\test\\otherFeatureTests.js",
          "file": "\\test\\otherFeatureTests.js",
          "beforeHooks": [
            {
              "title": "\"before each\" hook in \"Tests for another feature would go here\"",
              "fullTitle": "Tests for another feature would go here \"before each\" hook in \"Tests for another feature would go here\"",
              "timedOut": null,
              "duration": 541,
              "state": null,
              "speed": null,
              "pass": false,
              "fail": false,
              "pending": null,
              "context": null,
              "code": "driver = await new Builder().forBrowser(\"chrome\").build();\ndriver.get(\"https://www.ticketswap.com/\");",
              "err": {},
              "uuid": "dc274480-9529-4ab3-b3be-1df8aa874327",
              "parentUUID": null,
              "isHook": true,
              "skipped": false
            }
          ],
          "afterHooks": [
            {
              "title": "\"after each\" hook in \"Tests for another feature would go here\"",
              "fullTitle": "Tests for another feature would go here \"after each\" hook in \"Tests for another feature would go here\"",
              "timedOut": null,
              "duration": 29,
              "state": null,
              "speed": null,
              "pass": false,
              "fail": false,
              "pending": null,
              "context": null,
              "code": "await driver.quit();",
              "err": {},
              "uuid": "78a54746-532e-46e4-81d1-8042a153ab91",
              "parentUUID": null,
              "isHook": true,
              "skipped": false
            }
          ],
          "tests": [
            {
              "title": "First test of other feature, this sample test checks if there is a facebook element for a non logged user",
              "fullTitle": "Tests for another feature would go here First test of other feature, this sample test checks if there is a facebook element for a non logged user",
              "timedOut": null,
              "duration": 3415,
              "state": "passed",
              "speed": "slow",
              "pass": true,
              "fail": false,
              "pending": false,
              "context": null,
              "code": "//click the sell tickets button\nawait driver.findElement(By.xpath('//*[@id=\"__next\"]/div[1]/div/nav/ul/li[6]/a')).click();\n//wait till onboarding page loads\nawait driver.wait(until.elementLocated(By.xpath('//*[@id=\"__next\"]/div[3]/div[1]/button'),10000));\n//click the start selling button\nawait driver.findElement(By.className('css-8cc4q9 e1dvqv261')).click();\n//wait till login pop up loads, look for page header\nawait driver.wait(until.elementLocated(By.xpath('/html/body/ticketswap-portal[7]/div/div/header'),10000));\n\n//find the facebook login element\nawait driver.findElement(By.xpath('/html/body/ticketswap-portal[7]/div/div/div/div/div/div/div/button[1]')).then((element)=>{\n  //chai assert\n  expect(element).to.exist;\n});\n\n//new it block goes here",
              "err": {},
              "uuid": "71b36698-c8e0-459b-9c86-4e9ffb2d98f8",
              "parentUUID": null,
              "isHook": false,
              "skipped": false
            }
          ],
          "suites": [],
          "passes": [
            "71b36698-c8e0-459b-9c86-4e9ffb2d98f8"
          ],
          "failures": [],
          "pending": [],
          "skipped": [],
          "duration": 3415,
          "root": false,
          "rootEmpty": false,
          "_timeout": null
        },
        {
          "uuid": "8ae75ab5-5da9-4c94-95bb-b7a1d109ea13",
          "title": "Assignment : Search field tests",
          "fullFile": "C:\\Users\\Dimitris\\Desktop\\study\\Ticketswap final\\test\\searchBarTests.js",
          "file": "\\test\\searchBarTests.js",
          "beforeHooks": [
            {
              "title": "\"before each\" hook in \"Assignment : Search field tests\"",
              "fullTitle": "Assignment : Search field tests \"before each\" hook in \"Assignment : Search field tests\"",
              "timedOut": null,
              "duration": 546,
              "state": null,
              "speed": null,
              "pass": false,
              "fail": false,
              "pending": null,
              "context": null,
              "code": "driver = await new Builder().forBrowser(\"chrome\").build();\ndriver.get(\"https://www.ticketswap.com/\");",
              "err": {},
              "uuid": "31d4810f-fbb8-4594-adb0-55f9c6c20932",
              "parentUUID": null,
              "isHook": true,
              "skipped": false
            }
          ],
          "afterHooks": [
            {
              "title": "\"after each\" hook in \"Assignment : Search field tests\"",
              "fullTitle": "Assignment : Search field tests \"after each\" hook in \"Assignment : Search field tests\"",
              "timedOut": null,
              "duration": 28,
              "state": null,
              "speed": null,
              "pass": false,
              "fail": false,
              "pending": null,
              "context": null,
              "code": "await driver.quit();",
              "err": {},
              "uuid": "599f8289-ea79-4eb3-bc8f-e86ccddde486",
              "parentUUID": null,
              "isHook": true,
              "skipped": false
            }
          ],
          "tests": [
            {
              "title": "Test 1: Ensures special characters are handled from the server. Character is:   ",
              "fullTitle": "Assignment : Search field tests Test 1: Ensures special characters are handled from the server. Character is:   ",
              "timedOut": null,
              "duration": 4442,
              "state": "passed",
              "speed": "slow",
              "pass": true,
              "fail": false,
              "pending": false,
              "context": null,
              "code": "//assign the naughty string as a search query\nvar search_query = naughty;\n//send keys to the search box\nawait driver.findElement(By.id('site-search-input')).sendKeys(search_query);\n//wait for 1 second\nawait driver.sleep(1000);\n\n//get either the first result of the search, or the element that states no results found \nlet result = await driver.wait(until.elementLocated(By.css('.css-vyo6tp.eloqthd2, .css-5gnb7e.eeor7st12 h3'),10000));\n//assert the result exists \nexpect(result).to.exist;\n//get the text and the tag name of the result\nlet resultText = await result.getText();\nlet tagName = await result.getTagName();\n//check if the result is an h3 element\nif ( tagName === \"h3\" ) {\n  //if it is h3 then check to see if it includes  \" No results\"\n  expect(resultText).to.includes('No results');\n}else {\n  //else it is a search result therefore check if it includes at least 3 characters\n  expect(resultText.length).to.be.greaterThan(3);\n}",
              "err": {},
              "uuid": "e813a33e-5e2c-4885-9040-d5c740115f61",
              "parentUUID": null,
              "isHook": false,
              "skipped": false
            },
            {
              "title": "Test 1: Ensures special characters are handled from the server. Character is:   undefined",
              "fullTitle": "Assignment : Search field tests Test 1: Ensures special characters are handled from the server. Character is:   undefined",
              "timedOut": null,
              "duration": 3889,
              "state": "passed",
              "speed": "slow",
              "pass": true,
              "fail": false,
              "pending": false,
              "context": null,
              "code": "//assign the naughty string as a search query\nvar search_query = naughty;\n//send keys to the search box\nawait driver.findElement(By.id('site-search-input')).sendKeys(search_query);\n//wait for 1 second\nawait driver.sleep(1000);\n\n//get either the first result of the search, or the element that states no results found \nlet result = await driver.wait(until.elementLocated(By.css('.css-vyo6tp.eloqthd2, .css-5gnb7e.eeor7st12 h3'),10000));\n//assert the result exists \nexpect(result).to.exist;\n//get the text and the tag name of the result\nlet resultText = await result.getText();\nlet tagName = await result.getTagName();\n//check if the result is an h3 element\nif ( tagName === \"h3\" ) {\n  //if it is h3 then check to see if it includes  \" No results\"\n  expect(resultText).to.includes('No results');\n}else {\n  //else it is a search result therefore check if it includes at least 3 characters\n  expect(resultText.length).to.be.greaterThan(3);\n}",
              "err": {},
              "uuid": "ef5bab08-b45d-40bb-92b5-a6cebe6aa14c",
              "parentUUID": null,
              "isHook": false,
              "skipped": false
            },
            {
              "title": "Test 1: Ensures special characters are handled from the server. Character is:   undef",
              "fullTitle": "Assignment : Search field tests Test 1: Ensures special characters are handled from the server. Character is:   undef",
              "timedOut": null,
              "duration": 3882,
              "state": "passed",
              "speed": "slow",
              "pass": true,
              "fail": false,
              "pending": false,
              "context": null,
              "code": "//assign the naughty string as a search query\nvar search_query = naughty;\n//send keys to the search box\nawait driver.findElement(By.id('site-search-input')).sendKeys(search_query);\n//wait for 1 second\nawait driver.sleep(1000);\n\n//get either the first result of the search, or the element that states no results found \nlet result = await driver.wait(until.elementLocated(By.css('.css-vyo6tp.eloqthd2, .css-5gnb7e.eeor7st12 h3'),10000));\n//assert the result exists \nexpect(result).to.exist;\n//get the text and the tag name of the result\nlet resultText = await result.getText();\nlet tagName = await result.getTagName();\n//check if the result is an h3 element\nif ( tagName === \"h3\" ) {\n  //if it is h3 then check to see if it includes  \" No results\"\n  expect(resultText).to.includes('No results');\n}else {\n  //else it is a search result therefore check if it includes at least 3 characters\n  expect(resultText.length).to.be.greaterThan(3);\n}",
              "err": {},
              "uuid": "a73061d5-4b9f-4535-a1f8-2a0643865825",
              "parentUUID": null,
              "isHook": false,
              "skipped": false
            },
            {
              "title": "Test 2 : Checks search query is included in test results",
              "fullTitle": "Assignment : Search field tests Test 2 : Checks search query is included in test results",
              "timedOut": null,
              "duration": 4581,
              "state": "passed",
              "speed": "slow",
              "pass": true,
              "fail": false,
              "pending": false,
              "context": null,
              "code": "//use a general term to receive many results\nvar search_query = \"Band\";\n//send keys to the search box\nawait driver.findElement(By.id(\"site-search-input\")).sendKeys(search_query);\n//wait till results drop down appears\nawait driver.wait(until.elementLocated(By.xpath('//*[@id=\"site-search-menu\"]/div[3]/a'),10000));\n//collect all the pop up search result elements and get their text\nlet popUpElements = await driver.findElements(By.className('css-vyo6tp eloqthd2'))\nfor (let element of popUpElements) {\n  let text = await element.getText();\n  //assert the text contains the search query\n  expect(text).to.include(search_query);\n}\n//find and click more results button\nawait driver.findElement(By.xpath('//*[@id=\"site-search-menu\"]/div[3]/a')).click();\n//wait till next page loads by waiting for the h3 text of the search result\nawait driver.wait(until.elementLocated(By.xpath('//*[@id=\"__next\"]/div[2]/div[1]/h3'),10000));\n//collect all the search result elements and get their text\nlet searchResultElements = await driver.findElements(By.className('css-11rlpdz eh8fd905'))\nfor (let element of searchResultElements) {\n  let text = await element.getText();\n  //assert the text contains the search query\n  expect(text).to.include(search_query);\n}",
              "err": {},
              "uuid": "ad135f45-0a9d-4357-9aa3-dcbcdfef499e",
              "parentUUID": null,
              "isHook": false,
              "skipped": false
            }
          ],
          "suites": [],
          "passes": [
            "e813a33e-5e2c-4885-9040-d5c740115f61",
            "ef5bab08-b45d-40bb-92b5-a6cebe6aa14c",
            "a73061d5-4b9f-4535-a1f8-2a0643865825",
            "ad135f45-0a9d-4357-9aa3-dcbcdfef499e"
          ],
          "failures": [],
          "pending": [],
          "skipped": [],
          "duration": 16794,
          "root": false,
          "rootEmpty": false,
          "_timeout": null
        }
      ],
      "passes": [],
      "failures": [],
      "pending": [],
      "skipped": [],
      "duration": 0,
      "root": true,
      "rootEmpty": true,
      "_timeout": 0
    }
  ],
  "meta": {
    "mocha": {
      "version": "9.1.3"
    },
    "mochawesome": {
      "options": {
        "quiet": false,
        "reportFilename": "mochawesome",
        "saveHtml": true,
        "saveJson": true,
        "consoleReporter": "spec",
        "useInlineDiffs": false,
        "code": true
      },
      "version": "6.3.1"
    },
    "marge": {
      "options": {
        "autoOpen": "true"
      },
      "version": "5.2.0"
    }
  }
}